<html>
<body>
<pre>
<h1>µVision Build Log</h1>
<h2>Tool Versions:</h2>
IDE-Version: µVision V5.30.0.0
Copyright (C) 2020 ARM Ltd and ARM Germany GmbH. All rights reserved.
License Information: Andrea Rossi, Home, LIC=S5ITG-VU01H-WKTB8-3KBUU-HIEF1-LZ5P9
 
Tool Versions:
Toolchain:       MDK-ARM Professional  Version: 5.30.0.0
Toolchain Path:  C:\Keil_v5\ARM\ARMCC\Bin
C Compiler:      Armcc.exe V5.06 update 6 (build 750)
Assembler:       Armasm.exe V5.06 update 6 (build 750)
Linker/Locator:  ArmLink.exe V5.06 update 6 (build 750)
Library Manager: ArmAr.exe V5.06 update 6 (build 750)
Hex Converter:   FromElf.exe V5.06 update 6 (build 750)
CPU DLL:         
Dialog DLL:      
Target DLL:      Segger\JL2CM3.dll V2.99.38.0
Dialog DLL:      TCM.DLL V1.42.0.0
 
<h2>Project:</h2>
C:\Users\Roberto\Desktop\Central\Project\proximityBeacon_BLE.uvproj
Project File Date:  06/10/2020

<h2>Output:</h2>
*** Using Compiler 'V5.06 update 6 (build 750)', folder: 'C:\Keil_v5\ARM\ARMCC\Bin'
Build target 'flash_s140_nrf52_7.0.1_softdevice'
compiling utf.c...
compiling system_nrf52840.c...
compiling main.c...
C:\Nordic\SDK\components\boards\boards.h(87): error:  #35: #error directive: "Board is not defined"
  #error "Board is not defined"
SRC\main.c: 0 warnings, 1 error
compiling nrf_stack_guard.c...
compiling service_if.c...
compiling boards.c...
C:\Nordic\SDK\components\boards\boards.h(87): error:  #35: #error directive: "Board is not defined"
  #error "Board is not defined"
C:\Nordic\SDK\components\boards\boards.c: 0 warnings, 1 error
compiling bsp.c...
C:\Nordic\SDK\components\boards\boards.h(87): error:  #35: #error directive: "Board is not defined"
  #error "Board is not defined"
C:\Nordic\SDK\components\libraries\bsp\bsp.c: 0 warnings, 1 error
compiling nrf_mpu_lib.c...
compiling nrf_crypto_aead.c...
compiling nrf_crypto_aes.c...
compiling nrf_crypto_eddsa.c...
compiling nrf_crypto_aes_shared.c...
compiling nrf_crypto_error.c...
compiling nrf_crypto_ecdsa.c...
compiling nrf_crypto_ecdh.c...
compiling nrf_crypto_ecc.c...
compiling nrf_crypto_hkdf.c...
compiling nrf_crypto_hash.c...
compiling nrf_crypto_init.c...
compiling nrf_crypto_shared.c...
compiling cc310_backend_aes.c...
compiling nrf_crypto_hmac.c...
compiling nrf_crypto_rng.c...
compiling cc310_backend_aes_aead.c...
Project build/rebuild aborted.
Build Time Elapsed:  00:00:11
</pre>
</body>
</html>
